0 info it worked if it ends with ok
1 verbose cli [ 'C:\\Program Files\\nodejs\\node.exe',
1 verbose cli   'C:\\Program Files\\nodejs\\node_modules\\npm\\bin\\npm-cli.js',
1 verbose cli   'install',
1 verbose cli   '--save',
1 verbose cli   'bswap' ]
2 info using npm@2.14.7
3 info using node@v4.2.2
4 verbose install initial load of C:\Users\brett_000\OneDrive\School\CS5200\CS5200\package.json
5 warn package.json hw1@1.0.0 No README data
6 verbose installManyTop reading scoped package data from C:\Users\brett_000\OneDrive\School\CS5200\CS5200\node_modules\accepts\package.json
7 verbose installManyTop reading scoped package data from C:\Users\brett_000\OneDrive\School\CS5200\CS5200\node_modules\acorn\package.json
8 verbose installManyTop reading scoped package data from C:\Users\brett_000\OneDrive\School\CS5200\CS5200\node_modules\acorn-es7\package.json
9 verbose installManyTop reading scoped package data from C:\Users\brett_000\OneDrive\School\CS5200\CS5200\node_modules\acorn-es7-plugin\package.json
10 verbose installManyTop reading scoped package data from C:\Users\brett_000\OneDrive\School\CS5200\CS5200\node_modules\acorn-jsx\package.json
11 verbose installManyTop reading scoped package data from C:\Users\brett_000\OneDrive\School\CS5200\CS5200\node_modules\addressparser\package.json
12 verbose installManyTop reading scoped package data from C:\Users\brett_000\OneDrive\School\CS5200\CS5200\node_modules\agent-base\package.json
13 verbose installManyTop reading scoped package data from C:\Users\brett_000\OneDrive\School\CS5200\CS5200\node_modules\ajax-request\package.json
14 verbose installManyTop reading scoped package data from C:\Users\brett_000\OneDrive\School\CS5200\CS5200\node_modules\ajv\package.json
15 verbose installManyTop reading scoped package data from C:\Users\brett_000\OneDrive\School\CS5200\CS5200\node_modules\ansi\package.json
16 verbose installManyTop reading scoped package data from C:\Users\brett_000\OneDrive\School\CS5200\CS5200\node_modules\ansi-escapes\package.json
17 verbose installManyTop reading scoped package data from C:\Users\brett_000\OneDrive\School\CS5200\CS5200\node_modules\ansi-regex\package.json
18 verbose installManyTop reading scoped package data from C:\Users\brett_000\OneDrive\School\CS5200\CS5200\node_modules\ansi-styles\package.json
19 verbose installManyTop reading scoped package data from C:\Users\brett_000\OneDrive\School\CS5200\CS5200\node_modules\anymatch\package.json
20 verbose installManyTop reading scoped package data from C:\Users\brett_000\OneDrive\School\CS5200\CS5200\node_modules\app-builder\package.json
21 verbose installManyTop reading scoped package data from C:\Users\brett_000\OneDrive\School\CS5200\CS5200\node_modules\app-root-path\package.json
22 verbose installManyTop reading scoped package data from C:\Users\brett_000\OneDrive\School\CS5200\CS5200\node_modules\arr-diff\package.json
23 verbose installManyTop reading scoped package data from C:\Users\brett_000\OneDrive\School\CS5200\CS5200\node_modules\arr-flatten\package.json
24 verbose installManyTop reading scoped package data from C:\Users\brett_000\OneDrive\School\CS5200\CS5200\node_modules\array-find-index\package.json
25 verbose installManyTop reading scoped package data from C:\Users\brett_000\OneDrive\School\CS5200\CS5200\node_modules\array-flatten\package.json
26 verbose installManyTop reading scoped package data from C:\Users\brett_000\OneDrive\School\CS5200\CS5200\node_modules\array-union\package.json
27 verbose installManyTop reading scoped package data from C:\Users\brett_000\OneDrive\School\CS5200\CS5200\node_modules\array-uniq\package.json
28 verbose installManyTop reading scoped package data from C:\Users\brett_000\OneDrive\School\CS5200\CS5200\node_modules\array-unique\package.json
29 verbose installManyTop reading scoped package data from C:\Users\brett_000\OneDrive\School\CS5200\CS5200\node_modules\asn1\package.json
30 verbose installManyTop reading scoped package data from C:\Users\brett_000\OneDrive\School\CS5200\CS5200\node_modules\assert-plus\package.json
31 verbose installManyTop reading scoped package data from C:\Users\brett_000\OneDrive\School\CS5200\CS5200\node_modules\ast-types\package.json
32 verbose installManyTop reading scoped package data from C:\Users\brett_000\OneDrive\School\CS5200\CS5200\node_modules\async\package.json
33 verbose installManyTop reading scoped package data from C:\Users\brett_000\OneDrive\School\CS5200\CS5200\node_modules\async-each\package.json
34 verbose installManyTop reading scoped package data from C:\Users\brett_000\OneDrive\School\CS5200\CS5200\node_modules\asynckit\package.json
35 verbose installManyTop reading scoped package data from C:\Users\brett_000\OneDrive\School\CS5200\CS5200\node_modules\aws-sign2\package.json
36 verbose installManyTop reading scoped package data from C:\Users\brett_000\OneDrive\School\CS5200\CS5200\node_modules\aws4\package.json
37 verbose installManyTop reading scoped package data from C:\Users\brett_000\OneDrive\School\CS5200\CS5200\node_modules\axios\package.json
38 verbose installManyTop reading scoped package data from C:\Users\brett_000\OneDrive\School\CS5200\CS5200\node_modules\babel-polyfill\package.json
39 verbose installManyTop reading scoped package data from C:\Users\brett_000\OneDrive\School\CS5200\CS5200\node_modules\babel-runtime\package.json
40 verbose installManyTop reading scoped package data from C:\Users\brett_000\OneDrive\School\CS5200\CS5200\node_modules\balanced-match\package.json
41 verbose installManyTop reading scoped package data from C:\Users\brett_000\OneDrive\School\CS5200\CS5200\node_modules\base64-img\package.json
42 verbose installManyTop reading scoped package data from C:\Users\brett_000\OneDrive\School\CS5200\CS5200\node_modules\base64-js\package.json
43 verbose installManyTop reading scoped package data from C:\Users\brett_000\OneDrive\School\CS5200\CS5200\node_modules\bcrypt-pbkdf\package.json
44 verbose installManyTop reading scoped package data from C:\Users\brett_000\OneDrive\School\CS5200\CS5200\node_modules\binary-extensions\package.json
45 verbose installManyTop reading scoped package data from C:\Users\brett_000\OneDrive\School\CS5200\CS5200\node_modules\bl\package.json
46 verbose installManyTop reading scoped package data from C:\Users\brett_000\OneDrive\School\CS5200\CS5200\node_modules\boom\package.json
47 verbose installManyTop reading scoped package data from C:\Users\brett_000\OneDrive\School\CS5200\CS5200\node_modules\brace-expansion\package.json
48 verbose installManyTop reading scoped package data from C:\Users\brett_000\OneDrive\School\CS5200\CS5200\node_modules\braces\package.json
49 verbose installManyTop reading scoped package data from C:\Users\brett_000\OneDrive\School\CS5200\CS5200\node_modules\buffer\package.json
50 verbose installManyTop reading scoped package data from C:\Users\brett_000\OneDrive\School\CS5200\CS5200\node_modules\buffer-crc32\package.json
51 verbose installManyTop reading scoped package data from C:\Users\brett_000\OneDrive\School\CS5200\CS5200\node_modules\buildmail\package.json
52 verbose installManyTop reading scoped package data from C:\Users\brett_000\OneDrive\School\CS5200\CS5200\node_modules\builtin-modules\package.json
53 verbose installManyTop reading scoped package data from C:\Users\brett_000\OneDrive\School\CS5200\CS5200\node_modules\bytes\package.json
54 verbose installManyTop reading scoped package data from C:\Users\brett_000\OneDrive\School\CS5200\CS5200\node_modules\camelcase\package.json
55 verbose installManyTop reading scoped package data from C:\Users\brett_000\OneDrive\School\CS5200\CS5200\node_modules\camelcase-keys\package.json
56 verbose installManyTop reading scoped package data from C:\Users\brett_000\OneDrive\School\CS5200\CS5200\node_modules\caseless\package.json
57 verbose installManyTop reading scoped package data from C:\Users\brett_000\OneDrive\School\CS5200\CS5200\node_modules\caw\package.json
58 verbose installManyTop reading scoped package data from C:\Users\brett_000\OneDrive\School\CS5200\CS5200\node_modules\chai\package.json
59 verbose installManyTop reading scoped package data from C:\Users\brett_000\OneDrive\School\CS5200\CS5200\node_modules\chain-able\package.json
60 verbose installManyTop reading scoped package data from C:\Users\brett_000\OneDrive\School\CS5200\CS5200\node_modules\chalk\package.json
61 verbose installManyTop reading scoped package data from C:\Users\brett_000\OneDrive\School\CS5200\CS5200\node_modules\chokidar\package.json
62 verbose installManyTop reading scoped package data from C:\Users\brett_000\OneDrive\School\CS5200\CS5200\node_modules\cli-cursor\package.json
63 verbose installManyTop reading scoped package data from C:\Users\brett_000\OneDrive\School\CS5200\CS5200\node_modules\cli-spinners\package.json
64 verbose installManyTop reading scoped package data from C:\Users\brett_000\OneDrive\School\CS5200\CS5200\node_modules\cli-width\package.json
65 verbose installManyTop reading scoped package data from C:\Users\brett_000\OneDrive\School\CS5200\CS5200\node_modules\co\package.json
66 verbose installManyTop reading scoped package data from C:\Users\brett_000\OneDrive\School\CS5200\CS5200\node_modules\code-point-at\package.json
67 verbose installManyTop reading scoped package data from C:\Users\brett_000\OneDrive\School\CS5200\CS5200\node_modules\color-convert\package.json
68 verbose installManyTop reading scoped package data from C:\Users\brett_000\OneDrive\School\CS5200\CS5200\node_modules\color-name\package.json
69 verbose installManyTop reading scoped package data from C:\Users\brett_000\OneDrive\School\CS5200\CS5200\node_modules\combined-stream\package.json
70 verbose installManyTop reading scoped package data from C:\Users\brett_000\OneDrive\School\CS5200\CS5200\node_modules\commander\package.json
71 verbose installManyTop reading scoped package data from C:\Users\brett_000\OneDrive\School\CS5200\CS5200\node_modules\concat-map\package.json
72 verbose installManyTop reading scoped package data from C:\Users\brett_000\OneDrive\School\CS5200\CS5200\node_modules\concat-stream\package.json
73 verbose installManyTop reading scoped package data from C:\Users\brett_000\OneDrive\School\CS5200\CS5200\node_modules\concat-with-sourcemaps\package.json
74 verbose installManyTop reading scoped package data from C:\Users\brett_000\OneDrive\School\CS5200\CS5200\node_modules\config\package.json
75 verbose installManyTop reading scoped package data from C:\Users\brett_000\OneDrive\School\CS5200\CS5200\node_modules\config-chain\package.json
76 verbose installManyTop reading scoped package data from C:\Users\brett_000\OneDrive\School\CS5200\CS5200\node_modules\content-disposition\package.json
77 verbose installManyTop reading scoped package data from C:\Users\brett_000\OneDrive\School\CS5200\CS5200\node_modules\content-type\package.json
78 verbose installManyTop reading scoped package data from C:\Users\brett_000\OneDrive\School\CS5200\CS5200\node_modules\cookie\package.json
79 verbose installManyTop reading scoped package data from C:\Users\brett_000\OneDrive\School\CS5200\CS5200\node_modules\cookie-signature\package.json
80 verbose installManyTop reading scoped package data from C:\Users\brett_000\OneDrive\School\CS5200\CS5200\node_modules\core-js\package.json
81 verbose installManyTop reading scoped package data from C:\Users\brett_000\OneDrive\School\CS5200\CS5200\node_modules\core-util-is\package.json
82 verbose installManyTop reading scoped package data from C:\Users\brett_000\OneDrive\School\CS5200\CS5200\node_modules\cryptiles\package.json
83 verbose installManyTop reading scoped package data from C:\Users\brett_000\OneDrive\School\CS5200\CS5200\node_modules\currently-unhandled\package.json
84 verbose installManyTop reading scoped package data from C:\Users\brett_000\OneDrive\School\CS5200\CS5200\node_modules\dashdash\package.json
85 verbose installManyTop reading scoped package data from C:\Users\brett_000\OneDrive\School\CS5200\CS5200\node_modules\data-uri-to-buffer\package.json
86 verbose installManyTop reading scoped package data from C:\Users\brett_000\OneDrive\School\CS5200\CS5200\node_modules\date-format\package.json
87 verbose installManyTop reading scoped package data from C:\Users\brett_000\OneDrive\School\CS5200\CS5200\node_modules\debug\package.json
88 verbose installManyTop reading scoped package data from C:\Users\brett_000\OneDrive\School\CS5200\CS5200\node_modules\decamelize\package.json
89 verbose installManyTop reading scoped package data from C:\Users\brett_000\OneDrive\School\CS5200\CS5200\node_modules\decompress\package.json
90 verbose installManyTop reading scoped package data from C:\Users\brett_000\OneDrive\School\CS5200\CS5200\node_modules\decompress-response\package.json
91 verbose installManyTop reading scoped package data from C:\Users\brett_000\OneDrive\School\CS5200\CS5200\node_modules\decompress-tar\package.json
92 verbose installManyTop reading scoped package data from C:\Users\brett_000\OneDrive\School\CS5200\CS5200\node_modules\decompress-tarbz2\package.json
93 verbose installManyTop reading scoped package data from C:\Users\brett_000\OneDrive\School\CS5200\CS5200\node_modules\decompress-targz\package.json
94 verbose installManyTop reading scoped package data from C:\Users\brett_000\OneDrive\School\CS5200\CS5200\node_modules\decompress-unzip\package.json
95 verbose installManyTop reading scoped package data from C:\Users\brett_000\OneDrive\School\CS5200\CS5200\node_modules\deep-extend\package.json
96 verbose installManyTop reading scoped package data from C:\Users\brett_000\OneDrive\School\CS5200\CS5200\node_modules\deep-is\package.json
97 verbose installManyTop reading scoped package data from C:\Users\brett_000\OneDrive\School\CS5200\CS5200\node_modules\degenerator\package.json
98 verbose installManyTop reading scoped package data from C:\Users\brett_000\OneDrive\School\CS5200\CS5200\node_modules\delayed-stream\package.json
99 verbose installManyTop reading scoped package data from C:\Users\brett_000\OneDrive\School\CS5200\CS5200\node_modules\depd\package.json
100 verbose installManyTop reading scoped package data from C:\Users\brett_000\OneDrive\School\CS5200\CS5200\node_modules\destroy\package.json
101 verbose installManyTop reading scoped package data from C:\Users\brett_000\OneDrive\School\CS5200\CS5200\node_modules\double-ended-queue\package.json
102 verbose installManyTop reading scoped package data from C:\Users\brett_000\OneDrive\School\CS5200\CS5200\node_modules\download\package.json
103 verbose installManyTop reading scoped package data from C:\Users\brett_000\OneDrive\School\CS5200\CS5200\node_modules\duplexer3\package.json
104 verbose installManyTop reading scoped package data from C:\Users\brett_000\OneDrive\School\CS5200\CS5200\node_modules\ecc-jsbn\package.json
105 verbose installManyTop reading scoped package data from C:\Users\brett_000\OneDrive\School\CS5200\CS5200\node_modules\ee-first\package.json
106 verbose installManyTop reading scoped package data from C:\Users\brett_000\OneDrive\School\CS5200\CS5200\node_modules\electron\package.json
107 verbose installManyTop reading scoped package data from C:\Users\brett_000\OneDrive\School\CS5200\CS5200\node_modules\electron-download\package.json
108 verbose installManyTop reading scoped package data from C:\Users\brett_000\OneDrive\School\CS5200\CS5200\node_modules\encodeurl\package.json
109 verbose installManyTop reading scoped package data from C:\Users\brett_000\OneDrive\School\CS5200\CS5200\node_modules\encoding\package.json
110 verbose installManyTop reading scoped package data from C:\Users\brett_000\OneDrive\School\CS5200\CS5200\node_modules\end-of-stream\package.json
111 verbose installManyTop reading scoped package data from C:\Users\brett_000\OneDrive\School\CS5200\CS5200\node_modules\error-ex\package.json
112 verbose installManyTop reading scoped package data from C:\Users\brett_000\OneDrive\School\CS5200\CS5200\node_modules\es6-promise\package.json
113 verbose installManyTop reading scoped package data from C:\Users\brett_000\OneDrive\School\CS5200\CS5200\node_modules\escape-html\package.json
114 verbose installManyTop reading scoped package data from C:\Users\brett_000\OneDrive\School\CS5200\CS5200\node_modules\escape-string-regexp\package.json
115 verbose installManyTop reading scoped package data from C:\Users\brett_000\OneDrive\School\CS5200\CS5200\node_modules\escodegen\package.json
116 verbose installManyTop reading scoped package data from C:\Users\brett_000\OneDrive\School\CS5200\CS5200\node_modules\esprima\package.json
117 verbose installManyTop reading scoped package data from C:\Users\brett_000\OneDrive\School\CS5200\CS5200\node_modules\estraverse\package.json
118 verbose installManyTop reading scoped package data from C:\Users\brett_000\OneDrive\School\CS5200\CS5200\node_modules\esutils\package.json
119 verbose installManyTop reading scoped package data from C:\Users\brett_000\OneDrive\School\CS5200\CS5200\node_modules\etag\package.json
120 verbose installManyTop reading scoped package data from C:\Users\brett_000\OneDrive\School\CS5200\CS5200\node_modules\exec-sh\package.json
121 verbose installManyTop reading scoped package data from C:\Users\brett_000\OneDrive\School\CS5200\CS5200\node_modules\expand-brackets\package.json
122 verbose installManyTop reading scoped package data from C:\Users\brett_000\OneDrive\School\CS5200\CS5200\node_modules\expand-range\package.json
123 verbose installManyTop reading scoped package data from C:\Users\brett_000\OneDrive\School\CS5200\CS5200\node_modules\express\package.json
124 verbose installManyTop reading scoped package data from C:\Users\brett_000\OneDrive\School\CS5200\CS5200\node_modules\ext-list\package.json
125 verbose installManyTop reading scoped package data from C:\Users\brett_000\OneDrive\School\CS5200\CS5200\node_modules\ext-name\package.json
126 verbose installManyTop reading scoped package data from C:\Users\brett_000\OneDrive\School\CS5200\CS5200\node_modules\extend\package.json
127 verbose installManyTop reading scoped package data from C:\Users\brett_000\OneDrive\School\CS5200\CS5200\node_modules\external-editor\package.json
128 verbose installManyTop reading scoped package data from C:\Users\brett_000\OneDrive\School\CS5200\CS5200\node_modules\extglob\package.json
129 verbose installManyTop reading scoped package data from C:\Users\brett_000\OneDrive\School\CS5200\CS5200\node_modules\extract-zip\package.json
130 verbose installManyTop reading scoped package data from C:\Users\brett_000\OneDrive\School\CS5200\CS5200\node_modules\extsprintf\package.json
131 verbose installManyTop reading scoped package data from C:\Users\brett_000\OneDrive\School\CS5200\CS5200\node_modules\fast-levenshtein\package.json
132 verbose installManyTop reading scoped package data from C:\Users\brett_000\OneDrive\School\CS5200\CS5200\node_modules\fd-slicer\package.json
133 verbose installManyTop reading scoped package data from C:\Users\brett_000\OneDrive\School\CS5200\CS5200\node_modules\figures\package.json
134 verbose installManyTop reading scoped package data from C:\Users\brett_000\OneDrive\School\CS5200\CS5200\node_modules\file-match\package.json
135 verbose installManyTop reading scoped package data from C:\Users\brett_000\OneDrive\School\CS5200\CS5200\node_modules\file-system\package.json
136 verbose installManyTop reading scoped package data from C:\Users\brett_000\OneDrive\School\CS5200\CS5200\node_modules\file-type\package.json
137 verbose installManyTop reading scoped package data from C:\Users\brett_000\OneDrive\School\CS5200\CS5200\node_modules\file-uri-to-path\package.json
138 verbose installManyTop reading scoped package data from C:\Users\brett_000\OneDrive\School\CS5200\CS5200\node_modules\filename-regex\package.json
139 verbose installManyTop reading scoped package data from C:\Users\brett_000\OneDrive\School\CS5200\CS5200\node_modules\filename-reserved-regex\package.json
140 verbose installManyTop reading scoped package data from C:\Users\brett_000\OneDrive\School\CS5200\CS5200\node_modules\filenamify\package.json
141 verbose installManyTop reading scoped package data from C:\Users\brett_000\OneDrive\School\CS5200\CS5200\node_modules\fill-range\package.json
142 verbose installManyTop reading scoped package data from C:\Users\brett_000\OneDrive\School\CS5200\CS5200\node_modules\finalhandler\package.json
143 verbose installManyTop reading scoped package data from C:\Users\brett_000\OneDrive\School\CS5200\CS5200\node_modules\find-up\package.json
144 verbose installManyTop reading scoped package data from C:\Users\brett_000\OneDrive\School\CS5200\CS5200\node_modules\fliplog\package.json
145 verbose installManyTop reading scoped package data from C:\Users\brett_000\OneDrive\School\CS5200\CS5200\node_modules\follow-redirects\package.json
146 verbose installManyTop reading scoped package data from C:\Users\brett_000\OneDrive\School\CS5200\CS5200\node_modules\for-in\package.json
147 verbose installManyTop reading scoped package data from C:\Users\brett_000\OneDrive\School\CS5200\CS5200\node_modules\for-own\package.json
148 verbose installManyTop reading scoped package data from C:\Users\brett_000\OneDrive\School\CS5200\CS5200\node_modules\forever-agent\package.json
149 verbose installManyTop reading scoped package data from C:\Users\brett_000\OneDrive\School\CS5200\CS5200\node_modules\form-data\package.json
150 verbose installManyTop reading scoped package data from C:\Users\brett_000\OneDrive\School\CS5200\CS5200\node_modules\forwarded\package.json
151 verbose installManyTop reading scoped package data from C:\Users\brett_000\OneDrive\School\CS5200\CS5200\node_modules\fresh\package.json
152 verbose installManyTop reading scoped package data from C:\Users\brett_000\OneDrive\School\CS5200\CS5200\node_modules\fs-extra\package.json
153 verbose installManyTop reading scoped package data from C:\Users\brett_000\OneDrive\School\CS5200\CS5200\node_modules\fs.realpath\package.json
154 verbose installManyTop reading scoped package data from C:\Users\brett_000\OneDrive\School\CS5200\CS5200\node_modules\ftp\package.json
155 verbose installManyTop reading scoped package data from C:\Users\brett_000\OneDrive\School\CS5200\CS5200\node_modules\fuse-box\package.json
156 verbose installManyTop reading scoped package data from C:\Users\brett_000\OneDrive\School\CS5200\CS5200\node_modules\fuse-tools\package.json
157 verbose installManyTop reading scoped package data from C:\Users\brett_000\OneDrive\School\CS5200\CS5200\node_modules\generate-function\package.json
158 verbose installManyTop reading scoped package data from C:\Users\brett_000\OneDrive\School\CS5200\CS5200\node_modules\generate-object-property\package.json
159 verbose installManyTop reading scoped package data from C:\Users\brett_000\OneDrive\School\CS5200\CS5200\node_modules\get-proxy\package.json
160 verbose installManyTop reading scoped package data from C:\Users\brett_000\OneDrive\School\CS5200\CS5200\node_modules\get-stdin\package.json
161 verbose installManyTop reading scoped package data from C:\Users\brett_000\OneDrive\School\CS5200\CS5200\node_modules\get-stream\package.json
162 verbose installManyTop reading scoped package data from C:\Users\brett_000\OneDrive\School\CS5200\CS5200\node_modules\get-uri\package.json
163 verbose installManyTop reading scoped package data from C:\Users\brett_000\OneDrive\School\CS5200\CS5200\node_modules\getpass\package.json
164 verbose installManyTop reading scoped package data from C:\Users\brett_000\OneDrive\School\CS5200\CS5200\node_modules\glob\package.json
165 verbose installManyTop reading scoped package data from C:\Users\brett_000\OneDrive\School\CS5200\CS5200\node_modules\glob-base\package.json
166 verbose installManyTop reading scoped package data from C:\Users\brett_000\OneDrive\School\CS5200\CS5200\node_modules\glob-parent\package.json
167 verbose installManyTop reading scoped package data from C:\Users\brett_000\OneDrive\School\CS5200\CS5200\node_modules\globby\package.json
168 verbose installManyTop reading scoped package data from C:\Users\brett_000\OneDrive\School\CS5200\CS5200\node_modules\got\package.json
169 verbose installManyTop reading scoped package data from C:\Users\brett_000\OneDrive\School\CS5200\CS5200\node_modules\graceful-fs\package.json
170 verbose installManyTop reading scoped package data from C:\Users\brett_000\OneDrive\School\CS5200\CS5200\node_modules\graceful-readlink\package.json
171 verbose installManyTop reading scoped package data from C:\Users\brett_000\OneDrive\School\CS5200\CS5200\node_modules\har-schema\package.json
172 verbose installManyTop reading scoped package data from C:\Users\brett_000\OneDrive\School\CS5200\CS5200\node_modules\har-validator\package.json
173 verbose installManyTop reading scoped package data from C:\Users\brett_000\OneDrive\School\CS5200\CS5200\node_modules\has-ansi\package.json
174 verbose installManyTop reading scoped package data from C:\Users\brett_000\OneDrive\School\CS5200\CS5200\node_modules\has-flag\package.json
175 verbose installManyTop reading scoped package data from C:\Users\brett_000\OneDrive\School\CS5200\CS5200\node_modules\has-symbol-support-x\package.json
176 verbose installManyTop reading scoped package data from C:\Users\brett_000\OneDrive\School\CS5200\CS5200\node_modules\has-to-string-tag-x\package.json
177 verbose installManyTop reading scoped package data from C:\Users\brett_000\OneDrive\School\CS5200\CS5200\node_modules\hawk\package.json
178 verbose installManyTop reading scoped package data from C:\Users\brett_000\OneDrive\School\CS5200\CS5200\node_modules\hipchat-notifier\package.json
179 verbose installManyTop reading scoped package data from C:\Users\brett_000\OneDrive\School\CS5200\CS5200\node_modules\hoek\package.json
180 verbose installManyTop reading scoped package data from C:\Users\brett_000\OneDrive\School\CS5200\CS5200\node_modules\home-path\package.json
181 verbose installManyTop reading scoped package data from C:\Users\brett_000\OneDrive\School\CS5200\CS5200\node_modules\hosted-git-info\package.json
182 verbose installManyTop reading scoped package data from C:\Users\brett_000\OneDrive\School\CS5200\CS5200\node_modules\http-errors\package.json
183 verbose installManyTop reading scoped package data from C:\Users\brett_000\OneDrive\School\CS5200\CS5200\node_modules\http-proxy-agent\package.json
184 verbose installManyTop reading scoped package data from C:\Users\brett_000\OneDrive\School\CS5200\CS5200\node_modules\http-signature\package.json
185 verbose installManyTop reading scoped package data from C:\Users\brett_000\OneDrive\School\CS5200\CS5200\node_modules\httpntlm\package.json
186 verbose installManyTop reading scoped package data from C:\Users\brett_000\OneDrive\School\CS5200\CS5200\node_modules\httpreq\package.json
187 verbose installManyTop reading scoped package data from C:\Users\brett_000\OneDrive\School\CS5200\CS5200\node_modules\https-proxy-agent\package.json
188 verbose installManyTop reading scoped package data from C:\Users\brett_000\OneDrive\School\CS5200\CS5200\node_modules\iconv-lite\package.json
189 verbose installManyTop reading scoped package data from C:\Users\brett_000\OneDrive\School\CS5200\CS5200\node_modules\ieee754\package.json
190 verbose installManyTop reading scoped package data from C:\Users\brett_000\OneDrive\School\CS5200\CS5200\node_modules\indent-string\package.json
191 verbose installManyTop reading scoped package data from C:\Users\brett_000\OneDrive\School\CS5200\CS5200\node_modules\inflection\package.json
192 verbose installManyTop reading scoped package data from C:\Users\brett_000\OneDrive\School\CS5200\CS5200\node_modules\inflight\package.json
193 verbose installManyTop reading scoped package data from C:\Users\brett_000\OneDrive\School\CS5200\CS5200\node_modules\inherits\package.json
194 verbose installManyTop reading scoped package data from C:\Users\brett_000\OneDrive\School\CS5200\CS5200\node_modules\ini\package.json
195 verbose installManyTop reading scoped package data from C:\Users\brett_000\OneDrive\School\CS5200\CS5200\node_modules\inquirer\package.json
196 verbose installManyTop reading scoped package data from C:\Users\brett_000\OneDrive\School\CS5200\CS5200\node_modules\ip\package.json
197 verbose installManyTop reading scoped package data from C:\Users\brett_000\OneDrive\School\CS5200\CS5200\node_modules\ipaddr.js\package.json
198 verbose installManyTop reading scoped package data from C:\Users\brett_000\OneDrive\School\CS5200\CS5200\node_modules\is-arrayish\package.json
199 verbose installManyTop reading scoped package data from C:\Users\brett_000\OneDrive\School\CS5200\CS5200\node_modules\is-binary-path\package.json
200 verbose installManyTop reading scoped package data from C:\Users\brett_000\OneDrive\School\CS5200\CS5200\node_modules\is-buffer\package.json
201 verbose installManyTop reading scoped package data from C:\Users\brett_000\OneDrive\School\CS5200\CS5200\node_modules\is-builtin-module\package.json
202 verbose installManyTop reading scoped package data from C:\Users\brett_000\OneDrive\School\CS5200\CS5200\node_modules\is-dotfile\package.json
203 verbose installManyTop reading scoped package data from C:\Users\brett_000\OneDrive\School\CS5200\CS5200\node_modules\is-equal-shallow\package.json
204 verbose installManyTop reading scoped package data from C:\Users\brett_000\OneDrive\School\CS5200\CS5200\node_modules\is-extendable\package.json
205 verbose installManyTop reading scoped package data from C:\Users\brett_000\OneDrive\School\CS5200\CS5200\node_modules\is-extglob\package.json
206 verbose installManyTop reading scoped package data from C:\Users\brett_000\OneDrive\School\CS5200\CS5200\node_modules\is-finite\package.json
207 verbose installManyTop reading scoped package data from C:\Users\brett_000\OneDrive\School\CS5200\CS5200\node_modules\is-fullwidth-code-point\package.json
208 verbose installManyTop reading scoped package data from C:\Users\brett_000\OneDrive\School\CS5200\CS5200\node_modules\is-glob\package.json
209 verbose installManyTop reading scoped package data from C:\Users\brett_000\OneDrive\School\CS5200\CS5200\node_modules\is-my-json-valid\package.json
210 verbose installManyTop reading scoped package data from C:\Users\brett_000\OneDrive\School\CS5200\CS5200\node_modules\is-natural-number\package.json
211 verbose installManyTop reading scoped package data from C:\Users\brett_000\OneDrive\School\CS5200\CS5200\node_modules\is-number\package.json
212 verbose installManyTop reading scoped package data from C:\Users\brett_000\OneDrive\School\CS5200\CS5200\node_modules\is-object\package.json
213 verbose installManyTop reading scoped package data from C:\Users\brett_000\OneDrive\School\CS5200\CS5200\node_modules\is-plain-obj\package.json
214 verbose installManyTop reading scoped package data from C:\Users\brett_000\OneDrive\School\CS5200\CS5200\node_modules\is-posix-bracket\package.json
215 verbose installManyTop reading scoped package data from C:\Users\brett_000\OneDrive\School\CS5200\CS5200\node_modules\is-primitive\package.json
216 verbose installManyTop reading scoped package data from C:\Users\brett_000\OneDrive\School\CS5200\CS5200\node_modules\is-promise\package.json
217 verbose installManyTop reading scoped package data from C:\Users\brett_000\OneDrive\School\CS5200\CS5200\node_modules\is-property\package.json
218 verbose installManyTop reading scoped package data from C:\Users\brett_000\OneDrive\School\CS5200\CS5200\node_modules\is-retry-allowed\package.json
219 verbose installManyTop reading scoped package data from C:\Users\brett_000\OneDrive\School\CS5200\CS5200\node_modules\is-stream\package.json
220 verbose installManyTop reading scoped package data from C:\Users\brett_000\OneDrive\School\CS5200\CS5200\node_modules\is-typedarray\package.json
221 verbose installManyTop reading scoped package data from C:\Users\brett_000\OneDrive\School\CS5200\CS5200\node_modules\is-utf8\package.json
222 verbose installManyTop reading scoped package data from C:\Users\brett_000\OneDrive\School\CS5200\CS5200\node_modules\isarray\package.json
223 verbose installManyTop reading scoped package data from C:\Users\brett_000\OneDrive\School\CS5200\CS5200\node_modules\isobject\package.json
224 verbose installManyTop reading scoped package data from C:\Users\brett_000\OneDrive\School\CS5200\CS5200\node_modules\isstream\package.json
225 verbose installManyTop reading scoped package data from C:\Users\brett_000\OneDrive\School\CS5200\CS5200\node_modules\isurl\package.json
226 verbose installManyTop reading scoped package data from C:\Users\brett_000\OneDrive\School\CS5200\CS5200\node_modules\jsbn\package.json
227 verbose installManyTop reading scoped package data from C:\Users\brett_000\OneDrive\School\CS5200\CS5200\node_modules\jschardet\package.json
228 verbose installManyTop reading scoped package data from C:\Users\brett_000\OneDrive\School\CS5200\CS5200\node_modules\json-schema\package.json
229 verbose installManyTop reading scoped package data from C:\Users\brett_000\OneDrive\School\CS5200\CS5200\node_modules\json-stable-stringify\package.json
230 verbose installManyTop reading scoped package data from C:\Users\brett_000\OneDrive\School\CS5200\CS5200\node_modules\json-stringify-safe\package.json
231 verbose installManyTop reading scoped package data from C:\Users\brett_000\OneDrive\School\CS5200\CS5200\node_modules\json5\package.json
232 verbose installManyTop reading scoped package data from C:\Users\brett_000\OneDrive\School\CS5200\CS5200\node_modules\jsonfile\package.json
233 verbose installManyTop reading scoped package data from C:\Users\brett_000\OneDrive\School\CS5200\CS5200\node_modules\jsonify\package.json
234 verbose installManyTop reading scoped package data from C:\Users\brett_000\OneDrive\School\CS5200\CS5200\node_modules\jsonpointer\package.json
235 verbose installManyTop reading scoped package data from C:\Users\brett_000\OneDrive\School\CS5200\CS5200\node_modules\jsprim\package.json
236 verbose installManyTop reading scoped package data from C:\Users\brett_000\OneDrive\School\CS5200\CS5200\node_modules\kind-of\package.json
237 verbose installManyTop reading scoped package data from C:\Users\brett_000\OneDrive\School\CS5200\CS5200\node_modules\klaw\package.json
238 verbose installManyTop reading scoped package data from C:\Users\brett_000\OneDrive\School\CS5200\CS5200\node_modules\lego-api\package.json
239 verbose installManyTop reading scoped package data from C:\Users\brett_000\OneDrive\School\CS5200\CS5200\node_modules\levn\package.json
240 verbose installManyTop reading scoped package data from C:\Users\brett_000\OneDrive\School\CS5200\CS5200\node_modules\libbase64\package.json
241 verbose installManyTop reading scoped package data from C:\Users\brett_000\OneDrive\School\CS5200\CS5200\node_modules\libmime\package.json
242 verbose installManyTop reading scoped package data from C:\Users\brett_000\OneDrive\School\CS5200\CS5200\node_modules\libqp\package.json
243 verbose installManyTop reading scoped package data from C:\Users\brett_000\OneDrive\School\CS5200\CS5200\node_modules\load-json-file\package.json
244 verbose installManyTop reading scoped package data from C:\Users\brett_000\OneDrive\School\CS5200\CS5200\node_modules\lodash\package.json
245 verbose installManyTop reading scoped package data from C:\Users\brett_000\OneDrive\School\CS5200\CS5200\node_modules\log-symbols\package.json
246 verbose installManyTop reading scoped package data from C:\Users\brett_000\OneDrive\School\CS5200\CS5200\node_modules\log4js\package.json
247 verbose installManyTop reading scoped package data from C:\Users\brett_000\OneDrive\School\CS5200\CS5200\node_modules\loggly\package.json
248 verbose installManyTop reading scoped package data from C:\Users\brett_000\OneDrive\School\CS5200\CS5200\node_modules\loud-rejection\package.json
249 verbose installManyTop reading scoped package data from C:\Users\brett_000\OneDrive\School\CS5200\CS5200\node_modules\lowercase-keys\package.json
250 verbose installManyTop reading scoped package data from C:\Users\brett_000\OneDrive\School\CS5200\CS5200\node_modules\lru-cache\package.json
251 verbose installManyTop reading scoped package data from C:\Users\brett_000\OneDrive\School\CS5200\CS5200\node_modules\mailcomposer\package.json
252 verbose installManyTop reading scoped package data from C:\Users\brett_000\OneDrive\School\CS5200\CS5200\node_modules\mailgun-js\package.json
253 verbose installManyTop reading scoped package data from C:\Users\brett_000\OneDrive\School\CS5200\CS5200\node_modules\make-dir\package.json
254 verbose installManyTop reading scoped package data from C:\Users\brett_000\OneDrive\School\CS5200\CS5200\node_modules\map-obj\package.json
255 verbose installManyTop reading scoped package data from C:\Users\brett_000\OneDrive\School\CS5200\CS5200\node_modules\media-typer\package.json
256 verbose installManyTop reading scoped package data from C:\Users\brett_000\OneDrive\School\CS5200\CS5200\node_modules\meow\package.json
257 verbose installManyTop reading scoped package data from C:\Users\brett_000\OneDrive\School\CS5200\CS5200\node_modules\merge\package.json
258 verbose installManyTop reading scoped package data from C:\Users\brett_000\OneDrive\School\CS5200\CS5200\node_modules\merge-descriptors\package.json
259 verbose installManyTop reading scoped package data from C:\Users\brett_000\OneDrive\School\CS5200\CS5200\node_modules\methods\package.json
260 verbose installManyTop reading scoped package data from C:\Users\brett_000\OneDrive\School\CS5200\CS5200\node_modules\micromatch\package.json
261 verbose installManyTop reading scoped package data from C:\Users\brett_000\OneDrive\School\CS5200\CS5200\node_modules\mime\package.json
262 verbose installManyTop reading scoped package data from C:\Users\brett_000\OneDrive\School\CS5200\CS5200\node_modules\mime-db\package.json
263 verbose installManyTop reading scoped package data from C:\Users\brett_000\OneDrive\School\CS5200\CS5200\node_modules\mime-types\package.json
264 verbose installManyTop reading scoped package data from C:\Users\brett_000\OneDrive\School\CS5200\CS5200\node_modules\mimic-fn\package.json
265 verbose installManyTop reading scoped package data from C:\Users\brett_000\OneDrive\School\CS5200\CS5200\node_modules\mimic-response\package.json
266 verbose installManyTop reading scoped package data from C:\Users\brett_000\OneDrive\School\CS5200\CS5200\node_modules\minimatch\package.json
267 verbose installManyTop reading scoped package data from C:\Users\brett_000\OneDrive\School\CS5200\CS5200\node_modules\minimist\package.json
268 verbose installManyTop reading scoped package data from C:\Users\brett_000\OneDrive\School\CS5200\CS5200\node_modules\mkdirp\package.json
269 verbose installManyTop reading scoped package data from C:\Users\brett_000\OneDrive\School\CS5200\CS5200\node_modules\mocha\package.json
270 verbose installManyTop reading scoped package data from C:\Users\brett_000\OneDrive\School\CS5200\CS5200\node_modules\ms\package.json
271 verbose installManyTop reading scoped package data from C:\Users\brett_000\OneDrive\School\CS5200\CS5200\node_modules\mustache\package.json
272 verbose installManyTop reading scoped package data from C:\Users\brett_000\OneDrive\School\CS5200\CS5200\node_modules\mute-stream\package.json
273 verbose installManyTop reading scoped package data from C:\Users\brett_000\OneDrive\School\CS5200\CS5200\node_modules\nanoseconds\package.json
274 verbose installManyTop reading scoped package data from C:\Users\brett_000\OneDrive\School\CS5200\CS5200\node_modules\negotiator\package.json
275 verbose installManyTop reading scoped package data from C:\Users\brett_000\OneDrive\School\CS5200\CS5200\node_modules\netmask\package.json
276 verbose installManyTop reading scoped package data from C:\Users\brett_000\OneDrive\School\CS5200\CS5200\node_modules\nexe\package.json
277 verbose installManyTop reading scoped package data from C:\Users\brett_000\OneDrive\School\CS5200\CS5200\node_modules\node-fetch\package.json
278 verbose installManyTop reading scoped package data from C:\Users\brett_000\OneDrive\School\CS5200\CS5200\node_modules\nodemailer\package.json
279 verbose installManyTop reading scoped package data from C:\Users\brett_000\OneDrive\School\CS5200\CS5200\node_modules\nodemailer-direct-transport\package.json
280 verbose installManyTop reading scoped package data from C:\Users\brett_000\OneDrive\School\CS5200\CS5200\node_modules\nodemailer-fetch\package.json
281 verbose installManyTop reading scoped package data from C:\Users\brett_000\OneDrive\School\CS5200\CS5200\node_modules\nodemailer-shared\package.json
282 verbose installManyTop reading scoped package data from C:\Users\brett_000\OneDrive\School\CS5200\CS5200\node_modules\nodemailer-smtp-pool\package.json
283 verbose installManyTop reading scoped package data from C:\Users\brett_000\OneDrive\School\CS5200\CS5200\node_modules\nodemailer-smtp-transport\package.json
284 verbose installManyTop reading scoped package data from C:\Users\brett_000\OneDrive\School\CS5200\CS5200\node_modules\nodemailer-wellknown\package.json
285 verbose installManyTop reading scoped package data from C:\Users\brett_000\OneDrive\School\CS5200\CS5200\node_modules\normalize-package-data\package.json
286 verbose installManyTop reading scoped package data from C:\Users\brett_000\OneDrive\School\CS5200\CS5200\node_modules\normalize-path\package.json
287 verbose installManyTop reading scoped package data from C:\Users\brett_000\OneDrive\School\CS5200\CS5200\node_modules\npm-conf\package.json
288 verbose installManyTop reading scoped package data from C:\Users\brett_000\OneDrive\School\CS5200\CS5200\node_modules\nugget\package.json
289 verbose installManyTop reading scoped package data from C:\Users\brett_000\OneDrive\School\CS5200\CS5200\node_modules\number-is-nan\package.json
290 verbose installManyTop reading scoped package data from C:\Users\brett_000\OneDrive\School\CS5200\CS5200\node_modules\oauth-sign\package.json
291 verbose installManyTop reading scoped package data from C:\Users\brett_000\OneDrive\School\CS5200\CS5200\node_modules\object-assign\package.json
292 verbose installManyTop reading scoped package data from C:\Users\brett_000\OneDrive\School\CS5200\CS5200\node_modules\object-keys\package.json
293 verbose installManyTop reading scoped package data from C:\Users\brett_000\OneDrive\School\CS5200\CS5200\node_modules\object.omit\package.json
294 verbose installManyTop reading scoped package data from C:\Users\brett_000\OneDrive\School\CS5200\CS5200\node_modules\on-finished\package.json
295 verbose installManyTop reading scoped package data from C:\Users\brett_000\OneDrive\School\CS5200\CS5200\node_modules\once\package.json
296 verbose installManyTop reading scoped package data from C:\Users\brett_000\OneDrive\School\CS5200\CS5200\node_modules\onetime\package.json
297 verbose installManyTop reading scoped package data from C:\Users\brett_000\OneDrive\School\CS5200\CS5200\node_modules\opencollective\package.json
298 verbose installManyTop reading scoped package data from C:\Users\brett_000\OneDrive\School\CS5200\CS5200\node_modules\opn\package.json
299 verbose installManyTop reading scoped package data from C:\Users\brett_000\OneDrive\School\CS5200\CS5200\node_modules\optionator\package.json
300 verbose installManyTop reading scoped package data from C:\Users\brett_000\OneDrive\School\CS5200\CS5200\node_modules\options\package.json
301 verbose installManyTop reading scoped package data from C:\Users\brett_000\OneDrive\School\CS5200\CS5200\node_modules\ora\package.json
302 verbose installManyTop reading scoped package data from C:\Users\brett_000\OneDrive\School\CS5200\CS5200\node_modules\os-homedir\package.json
303 verbose installManyTop reading scoped package data from C:\Users\brett_000\OneDrive\School\CS5200\CS5200\node_modules\os-tmpdir\package.json
304 verbose installManyTop reading scoped package data from C:\Users\brett_000\OneDrive\School\CS5200\CS5200\node_modules\p-cancelable\package.json
305 verbose installManyTop reading scoped package data from C:\Users\brett_000\OneDrive\School\CS5200\CS5200\node_modules\p-event\package.json
306 verbose installManyTop reading scoped package data from C:\Users\brett_000\OneDrive\School\CS5200\CS5200\node_modules\p-finally\package.json
307 verbose installManyTop reading scoped package data from C:\Users\brett_000\OneDrive\School\CS5200\CS5200\node_modules\p-timeout\package.json
308 verbose installManyTop reading scoped package data from C:\Users\brett_000\OneDrive\School\CS5200\CS5200\node_modules\pac-proxy-agent\package.json
309 verbose installManyTop reading scoped package data from C:\Users\brett_000\OneDrive\School\CS5200\CS5200\node_modules\pac-resolver\package.json
310 verbose installManyTop reading scoped package data from C:\Users\brett_000\OneDrive\School\CS5200\CS5200\node_modules\parse-glob\package.json
311 verbose installManyTop reading scoped package data from C:\Users\brett_000\OneDrive\School\CS5200\CS5200\node_modules\parse-json\package.json
312 verbose installManyTop reading scoped package data from C:\Users\brett_000\OneDrive\School\CS5200\CS5200\node_modules\parseurl\package.json
313 verbose installManyTop reading scoped package data from C:\Users\brett_000\OneDrive\School\CS5200\CS5200\node_modules\path-exists\package.json
314 verbose installManyTop reading scoped package data from C:\Users\brett_000\OneDrive\School\CS5200\CS5200\node_modules\path-is-absolute\package.json
315 verbose installManyTop reading scoped package data from C:\Users\brett_000\OneDrive\School\CS5200\CS5200\node_modules\path-proxy\package.json
316 verbose installManyTop reading scoped package data from C:\Users\brett_000\OneDrive\School\CS5200\CS5200\node_modules\path-to-regexp\package.json
317 verbose installManyTop reading scoped package data from C:\Users\brett_000\OneDrive\School\CS5200\CS5200\node_modules\path-type\package.json
318 verbose installManyTop reading scoped package data from C:\Users\brett_000\OneDrive\School\CS5200\CS5200\node_modules\pend\package.json
319 verbose installManyTop reading scoped package data from C:\Users\brett_000\OneDrive\School\CS5200\CS5200\node_modules\performance-now\package.json
320 verbose installManyTop reading scoped package data from C:\Users\brett_000\OneDrive\School\CS5200\CS5200\node_modules\pifi\package.json
321 verbose installManyTop reading scoped package data from C:\Users\brett_000\OneDrive\School\CS5200\CS5200\node_modules\pify\package.json
322 verbose installManyTop reading scoped package data from C:\Users\brett_000\OneDrive\School\CS5200\CS5200\node_modules\pinkie\package.json
323 verbose installManyTop reading scoped package data from C:\Users\brett_000\OneDrive\School\CS5200\CS5200\node_modules\pinkie-promise\package.json
324 verbose installManyTop reading scoped package data from C:\Users\brett_000\OneDrive\School\CS5200\CS5200\node_modules\postcss\package.json
325 verbose installManyTop reading scoped package data from C:\Users\brett_000\OneDrive\School\CS5200\CS5200\node_modules\prelude-ls\package.json
326 verbose installManyTop reading scoped package data from C:\Users\brett_000\OneDrive\School\CS5200\CS5200\node_modules\prepend-http\package.json
327 verbose installManyTop reading scoped package data from C:\Users\brett_000\OneDrive\School\CS5200\CS5200\node_modules\preserve\package.json
328 verbose installManyTop reading scoped package data from C:\Users\brett_000\OneDrive\School\CS5200\CS5200\node_modules\pretty-bytes\package.json
329 verbose installManyTop reading scoped package data from C:\Users\brett_000\OneDrive\School\CS5200\CS5200\node_modules\pretty-time\package.json
330 verbose installManyTop reading scoped package data from C:\Users\brett_000\OneDrive\School\CS5200\CS5200\node_modules\prettysize\package.json
331 verbose installManyTop reading scoped package data from C:\Users\brett_000\OneDrive\School\CS5200\CS5200\node_modules\process-nextick-args\package.json
332 verbose installManyTop reading scoped package data from C:\Users\brett_000\OneDrive\School\CS5200\CS5200\node_modules\progress-stream\package.json
333 verbose installManyTop reading scoped package data from C:\Users\brett_000\OneDrive\School\CS5200\CS5200\node_modules\proto-list\package.json
334 verbose installManyTop reading scoped package data from C:\Users\brett_000\OneDrive\School\CS5200\CS5200\node_modules\proxy-addr\package.json
335 verbose installManyTop reading scoped package data from C:\Users\brett_000\OneDrive\School\CS5200\CS5200\node_modules\proxy-agent\package.json
336 verbose installManyTop reading scoped package data from C:\Users\brett_000\OneDrive\School\CS5200\CS5200\node_modules\punycode\package.json
337 verbose installManyTop reading scoped package data from C:\Users\brett_000\OneDrive\School\CS5200\CS5200\node_modules\q\package.json
338 verbose installManyTop reading scoped package data from C:\Users\brett_000\OneDrive\School\CS5200\CS5200\node_modules\qs\package.json
339 verbose installManyTop reading scoped package data from C:\Users\brett_000\OneDrive\School\CS5200\CS5200\node_modules\randomatic\package.json
340 verbose installManyTop reading scoped package data from C:\Users\brett_000\OneDrive\School\CS5200\CS5200\node_modules\range-parser\package.json
341 verbose installManyTop reading scoped package data from C:\Users\brett_000\OneDrive\School\CS5200\CS5200\node_modules\raw-body\package.json
342 verbose installManyTop reading scoped package data from C:\Users\brett_000\OneDrive\School\CS5200\CS5200\node_modules\rc\package.json
343 verbose installManyTop reading scoped package data from C:\Users\brett_000\OneDrive\School\CS5200\CS5200\node_modules\read-pkg\package.json
344 verbose installManyTop reading scoped package data from C:\Users\brett_000\OneDrive\School\CS5200\CS5200\node_modules\read-pkg-up\package.json
345 verbose installManyTop reading scoped package data from C:\Users\brett_000\OneDrive\School\CS5200\CS5200\node_modules\readable-stream\package.json
346 verbose installManyTop reading scoped package data from C:\Users\brett_000\OneDrive\School\CS5200\CS5200\node_modules\readdirp\package.json
347 verbose installManyTop reading scoped package data from C:\Users\brett_000\OneDrive\School\CS5200\CS5200\node_modules\realm-utils\package.json
348 verbose installManyTop reading scoped package data from C:\Users\brett_000\OneDrive\School\CS5200\CS5200\node_modules\redent\package.json
349 verbose installManyTop reading scoped package data from C:\Users\brett_000\OneDrive\School\CS5200\CS5200\node_modules\redis\package.json
350 verbose installManyTop reading scoped package data from C:\Users\brett_000\OneDrive\School\CS5200\CS5200\node_modules\redis-commands\package.json
351 verbose installManyTop reading scoped package data from C:\Users\brett_000\OneDrive\School\CS5200\CS5200\node_modules\redis-parser\package.json
352 verbose installManyTop reading scoped package data from C:\Users\brett_000\OneDrive\School\CS5200\CS5200\node_modules\regenerator-runtime\package.json
353 verbose installManyTop reading scoped package data from C:\Users\brett_000\OneDrive\School\CS5200\CS5200\node_modules\regex-cache\package.json
354 verbose installManyTop reading scoped package data from C:\Users\brett_000\OneDrive\School\CS5200\CS5200\node_modules\remove-trailing-separator\package.json
355 verbose installManyTop reading scoped package data from C:\Users\brett_000\OneDrive\School\CS5200\CS5200\node_modules\repeat-element\package.json
356 verbose installManyTop reading scoped package data from C:\Users\brett_000\OneDrive\School\CS5200\CS5200\node_modules\repeat-string\package.json
357 verbose installManyTop reading scoped package data from C:\Users\brett_000\OneDrive\School\CS5200\CS5200\node_modules\repeating\package.json
358 verbose installManyTop reading scoped package data from C:\Users\brett_000\OneDrive\School\CS5200\CS5200\node_modules\request\package.json
359 verbose installManyTop reading scoped package data from C:\Users\brett_000\OneDrive\School\CS5200\CS5200\node_modules\requestretry\package.json
360 verbose installManyTop reading scoped package data from C:\Users\brett_000\OneDrive\School\CS5200\CS5200\node_modules\restore-cursor\package.json
361 verbose installManyTop reading scoped package data from C:\Users\brett_000\OneDrive\School\CS5200\CS5200\node_modules\rimraf\package.json
362 verbose installManyTop reading scoped package data from C:\Users\brett_000\OneDrive\School\CS5200\CS5200\node_modules\run-async\package.json
363 verbose installManyTop reading scoped package data from C:\Users\brett_000\OneDrive\School\CS5200\CS5200\node_modules\rx\package.json
364 verbose installManyTop reading scoped package data from C:\Users\brett_000\OneDrive\School\CS5200\CS5200\node_modules\rx-lite\package.json
365 verbose installManyTop reading scoped package data from C:\Users\brett_000\OneDrive\School\CS5200\CS5200\node_modules\rx-lite-aggregates\package.json
366 verbose installManyTop reading scoped package data from C:\Users\brett_000\OneDrive\School\CS5200\CS5200\node_modules\safe-buffer\package.json
367 verbose installManyTop reading scoped package data from C:\Users\brett_000\OneDrive\School\CS5200\CS5200\node_modules\seek-bzip\package.json
368 verbose installManyTop reading scoped package data from C:\Users\brett_000\OneDrive\School\CS5200\CS5200\node_modules\semver\package.json
369 verbose installManyTop reading scoped package data from C:\Users\brett_000\OneDrive\School\CS5200\CS5200\node_modules\send\package.json
370 verbose installManyTop reading scoped package data from C:\Users\brett_000\OneDrive\School\CS5200\CS5200\node_modules\serve-static\package.json
371 verbose installManyTop reading scoped package data from C:\Users\brett_000\OneDrive\School\CS5200\CS5200\node_modules\set-immediate-shim\package.json
372 verbose installManyTop reading scoped package data from C:\Users\brett_000\OneDrive\School\CS5200\CS5200\node_modules\setprototypeof\package.json
373 verbose installManyTop reading scoped package data from C:\Users\brett_000\OneDrive\School\CS5200\CS5200\node_modules\shorthash\package.json
374 verbose installManyTop reading scoped package data from C:\Users\brett_000\OneDrive\School\CS5200\CS5200\node_modules\signal-exit\package.json
375 verbose installManyTop reading scoped package data from C:\Users\brett_000\OneDrive\School\CS5200\CS5200\node_modules\single-line-log\package.json
376 verbose installManyTop reading scoped package data from C:\Users\brett_000\OneDrive\School\CS5200\CS5200\node_modules\sinon\package.json
377 verbose installManyTop reading scoped package data from C:\Users\brett_000\OneDrive\School\CS5200\CS5200\node_modules\slack-node\package.json
378 verbose installManyTop reading scoped package data from C:\Users\brett_000\OneDrive\School\CS5200\CS5200\node_modules\smart-buffer\package.json
379 verbose installManyTop reading scoped package data from C:\Users\brett_000\OneDrive\School\CS5200\CS5200\node_modules\smtp-connection\package.json
380 verbose installManyTop reading scoped package data from C:\Users\brett_000\OneDrive\School\CS5200\CS5200\node_modules\sntp\package.json
381 verbose installManyTop reading scoped package data from C:\Users\brett_000\OneDrive\School\CS5200\CS5200\node_modules\socks\package.json
382 verbose installManyTop reading scoped package data from C:\Users\brett_000\OneDrive\School\CS5200\CS5200\node_modules\socks-proxy-agent\package.json
383 verbose installManyTop reading scoped package data from C:\Users\brett_000\OneDrive\School\CS5200\CS5200\node_modules\sort-keys\package.json
384 verbose installManyTop reading scoped package data from C:\Users\brett_000\OneDrive\School\CS5200\CS5200\node_modules\sort-keys-length\package.json
385 verbose installManyTop reading scoped package data from C:\Users\brett_000\OneDrive\School\CS5200\CS5200\node_modules\source-map\package.json
386 verbose installManyTop reading scoped package data from C:\Users\brett_000\OneDrive\School\CS5200\CS5200\node_modules\spdx-correct\package.json
387 verbose installManyTop reading scoped package data from C:\Users\brett_000\OneDrive\School\CS5200\CS5200\node_modules\spdx-expression-parse\package.json
388 verbose installManyTop reading scoped package data from C:\Users\brett_000\OneDrive\School\CS5200\CS5200\node_modules\spdx-license-ids\package.json
389 verbose installManyTop reading scoped package data from C:\Users\brett_000\OneDrive\School\CS5200\CS5200\node_modules\speedometer\package.json
390 verbose installManyTop reading scoped package data from C:\Users\brett_000\OneDrive\School\CS5200\CS5200\node_modules\sshpk\package.json
391 verbose installManyTop reading scoped package data from C:\Users\brett_000\OneDrive\School\CS5200\CS5200\node_modules\statuses\package.json
392 verbose installManyTop reading scoped package data from C:\Users\brett_000\OneDrive\School\CS5200\CS5200\node_modules\streamroller\package.json
393 verbose installManyTop reading scoped package data from C:\Users\brett_000\OneDrive\School\CS5200\CS5200\node_modules\string-width\package.json
394 verbose installManyTop reading scoped package data from C:\Users\brett_000\OneDrive\School\CS5200\CS5200\node_modules\string_decoder\package.json
395 verbose installManyTop reading scoped package data from C:\Users\brett_000\OneDrive\School\CS5200\CS5200\node_modules\stringstream\package.json
396 verbose installManyTop reading scoped package data from C:\Users\brett_000\OneDrive\School\CS5200\CS5200\node_modules\strip-ansi\package.json
397 verbose installManyTop reading scoped package data from C:\Users\brett_000\OneDrive\School\CS5200\CS5200\node_modules\strip-bom\package.json
398 verbose installManyTop reading scoped package data from C:\Users\brett_000\OneDrive\School\CS5200\CS5200\node_modules\strip-dirs\package.json
399 verbose installManyTop reading scoped package data from C:\Users\brett_000\OneDrive\School\CS5200\CS5200\node_modules\strip-indent\package.json
400 verbose installManyTop reading scoped package data from C:\Users\brett_000\OneDrive\School\CS5200\CS5200\node_modules\strip-json-comments\package.json
401 verbose installManyTop reading scoped package data from C:\Users\brett_000\OneDrive\School\CS5200\CS5200\node_modules\strip-outer\package.json
402 verbose installManyTop reading scoped package data from C:\Users\brett_000\OneDrive\School\CS5200\CS5200\node_modules\sumchecker\package.json
403 verbose installManyTop reading scoped package data from C:\Users\brett_000\OneDrive\School\CS5200\CS5200\node_modules\supports-color\package.json
404 verbose installManyTop reading scoped package data from C:\Users\brett_000\OneDrive\School\CS5200\CS5200\node_modules\tar-stream\package.json
405 verbose installManyTop reading scoped package data from C:\Users\brett_000\OneDrive\School\CS5200\CS5200\node_modules\throttleit\package.json
406 verbose installManyTop reading scoped package data from C:\Users\brett_000\OneDrive\School\CS5200\CS5200\node_modules\through\package.json
407 verbose installManyTop reading scoped package data from C:\Users\brett_000\OneDrive\School\CS5200\CS5200\node_modules\through2\package.json
408 verbose installManyTop reading scoped package data from C:\Users\brett_000\OneDrive\School\CS5200\CS5200\node_modules\thunkify\package.json
409 verbose installManyTop reading scoped package data from C:\Users\brett_000\OneDrive\School\CS5200\CS5200\node_modules\timed-out\package.json
410 verbose installManyTop reading scoped package data from C:\Users\brett_000\OneDrive\School\CS5200\CS5200\node_modules\timespan\package.json
411 verbose installManyTop reading scoped package data from C:\Users\brett_000\OneDrive\School\CS5200\CS5200\node_modules\tmp\package.json
412 verbose installManyTop reading scoped package data from C:\Users\brett_000\OneDrive\School\CS5200\CS5200\node_modules\tough-cookie\package.json
413 verbose installManyTop reading scoped package data from C:\Users\brett_000\OneDrive\School\CS5200\CS5200\node_modules\trim-newlines\package.json
414 verbose installManyTop reading scoped package data from C:\Users\brett_000\OneDrive\School\CS5200\CS5200\node_modules\trim-repeated\package.json
415 verbose installManyTop reading scoped package data from C:\Users\brett_000\OneDrive\School\CS5200\CS5200\node_modules\tsscmp\package.json
416 verbose installManyTop reading scoped package data from C:\Users\brett_000\OneDrive\School\CS5200\CS5200\node_modules\tunnel-agent\package.json
417 verbose installManyTop reading scoped package data from C:\Users\brett_000\OneDrive\School\CS5200\CS5200\node_modules\tweetnacl\package.json
418 verbose installManyTop reading scoped package data from C:\Users\brett_000\OneDrive\School\CS5200\CS5200\node_modules\type-check\package.json
419 verbose installManyTop reading scoped package data from C:\Users\brett_000\OneDrive\School\CS5200\CS5200\node_modules\type-is\package.json
420 verbose installManyTop reading scoped package data from C:\Users\brett_000\OneDrive\School\CS5200\CS5200\node_modules\typedarray\package.json
421 verbose installManyTop reading scoped package data from C:\Users\brett_000\OneDrive\School\CS5200\CS5200\node_modules\uglify-js\package.json
422 verbose installManyTop reading scoped package data from C:\Users\brett_000\OneDrive\School\CS5200\CS5200\node_modules\ultron\package.json
423 verbose installManyTop reading scoped package data from C:\Users\brett_000\OneDrive\School\CS5200\CS5200\node_modules\unbzip2-stream\package.json
424 verbose installManyTop reading scoped package data from C:\Users\brett_000\OneDrive\School\CS5200\CS5200\node_modules\underscore\package.json
425 verbose installManyTop reading scoped package data from C:\Users\brett_000\OneDrive\School\CS5200\CS5200\node_modules\unpipe\package.json
426 verbose installManyTop reading scoped package data from C:\Users\brett_000\OneDrive\School\CS5200\CS5200\node_modules\url-parse-lax\package.json
427 verbose installManyTop reading scoped package data from C:\Users\brett_000\OneDrive\School\CS5200\CS5200\node_modules\url-to-options\package.json
428 verbose installManyTop reading scoped package data from C:\Users\brett_000\OneDrive\School\CS5200\CS5200\node_modules\util-deprecate\package.json
429 verbose installManyTop reading scoped package data from C:\Users\brett_000\OneDrive\School\CS5200\CS5200\node_modules\utils-extend\package.json
430 verbose installManyTop reading scoped package data from C:\Users\brett_000\OneDrive\School\CS5200\CS5200\node_modules\utils-merge\package.json
431 verbose installManyTop reading scoped package data from C:\Users\brett_000\OneDrive\School\CS5200\CS5200\node_modules\uuid\package.json
432 verbose installManyTop reading scoped package data from C:\Users\brett_000\OneDrive\School\CS5200\CS5200\node_modules\validate-npm-package-license\package.json
433 verbose installManyTop reading scoped package data from C:\Users\brett_000\OneDrive\School\CS5200\CS5200\node_modules\vary\package.json
434 verbose installManyTop reading scoped package data from C:\Users\brett_000\OneDrive\School\CS5200\CS5200\node_modules\verror\package.json
435 verbose installManyTop reading scoped package data from C:\Users\brett_000\OneDrive\School\CS5200\CS5200\node_modules\watch\package.json
436 verbose installManyTop reading scoped package data from C:\Users\brett_000\OneDrive\School\CS5200\CS5200\node_modules\when\package.json
437 verbose installManyTop reading scoped package data from C:\Users\brett_000\OneDrive\School\CS5200\CS5200\node_modules\wordwrap\package.json
438 verbose installManyTop reading scoped package data from C:\Users\brett_000\OneDrive\School\CS5200\CS5200\node_modules\wrappy\package.json
439 verbose installManyTop reading scoped package data from C:\Users\brett_000\OneDrive\School\CS5200\CS5200\node_modules\ws\package.json
440 verbose installManyTop reading scoped package data from C:\Users\brett_000\OneDrive\School\CS5200\CS5200\node_modules\xregexp\package.json
441 verbose installManyTop reading scoped package data from C:\Users\brett_000\OneDrive\School\CS5200\CS5200\node_modules\xtend\package.json
442 verbose installManyTop reading scoped package data from C:\Users\brett_000\OneDrive\School\CS5200\CS5200\node_modules\yauzl\package.json
443 verbose installManyTop reading scoped package data from C:\Users\brett_000\OneDrive\School\CS5200\CS5200\node_modules\@types\node\package.json
444 info package.json array-unique@0.2.1 license should be a valid SPDX license expression
445 info package.json bcrypt-pbkdf@1.0.1 No repository field.
446 info package.json buffer@3.6.0 buffer is also the name of a node core module.
447 info package.json config-chain@1.1.11 No license field.
448 info package.json deep-is@0.1.3 license should be a valid SPDX license expression
449 info package.json esutils@2.0.2 No license field.
450 info package.json exec-sh@0.2.1 license should be a valid SPDX license expression
451 info package.json ftp@0.3.10 No license field.
452 info package.json fuse-tools@1.0.5 No description
453 info package.json glob-base@0.3.0 license should be a valid SPDX license expression
454 info package.json hipchat-notifier@1.1.0 No repository field.
455 info package.json httpntlm@1.6.1 No license field.
456 info package.json is-primitive@2.0.0 license should be a valid SPDX license expression
457 info package.json json-schema@0.2.3 No license field.
458 info package.json jsonify@0.0.0 license should be a valid SPDX license expression
459 info package.json mime@1.3.4 No license field.
460 info package.json nugget@2.0.1 license should be a valid SPDX license expression
461 info package.json options@0.0.6 No license field.
462 info package.json prelude-ls@1.1.2 No license field.
463 info package.json preserve@0.2.0 license should be a valid SPDX license expression
464 info package.json prettysize@0.0.3 No license field.
465 info package.json punycode@1.4.1 punycode is also the name of a node core module.
466 info package.json repeat-element@1.1.2 license should be a valid SPDX license expression
467 info package.json rx-lite@4.0.8 No license field.
468 info package.json rx-lite-aggregates@4.0.8 No license field.
469 info package.json sntp@1.0.9 No license field.
470 info package.json speedometer@0.1.4 No license field.
471 info package.json string_decoder@0.10.31 string_decoder is also the name of a node core module.
472 info package.json timespan@2.3.0 No license field.
473 info package.json underscore@1.7.0 No license field.
474 info package.json utils-merge@1.0.0 No license field.
475 verbose readDependencies loading dependencies from C:\Users\brett_000\OneDrive\School\CS5200\CS5200\package.json
476 silly cache add args [ 'bswap', null ]
477 verbose cache add spec bswap
478 silly cache add parsed spec Result {
478 silly cache add   raw: 'bswap',
478 silly cache add   scope: null,
478 silly cache add   name: 'bswap',
478 silly cache add   rawSpec: '',
478 silly cache add   spec: '*',
478 silly cache add   type: 'range' }
479 silly addNamed bswap@*
480 verbose addNamed "*" is a valid semver range for bswap
481 silly addNameRange { name: 'bswap', range: '*', hasData: false }
482 silly mapToRegistry name bswap
483 silly mapToRegistry using default registry
484 silly mapToRegistry registry https://registry.npmjs.org/
485 silly mapToRegistry uri https://registry.npmjs.org/bswap
486 verbose addNameRange registry:https://registry.npmjs.org/bswap not in flight; fetching
487 verbose request uri https://registry.npmjs.org/bswap
488 verbose request no auth needed
489 info attempt registry request try #1 at 11:35:57 AM
490 verbose request id d56ba3591654e3c8
491 verbose etag W/"58eff535-55a5"
492 verbose lastModified Thu, 13 Apr 2017 22:01:25 GMT
493 http request GET https://registry.npmjs.org/bswap
494 http 304 https://registry.npmjs.org/bswap
495 verbose headers { date: 'Thu, 14 Sep 2017 17:36:10 GMT',
495 verbose headers   via: '1.1 varnish',
495 verbose headers   'cache-control': 'max-age=300',
495 verbose headers   etag: 'W/"58eff535-55a5"',
495 verbose headers   age: '149',
495 verbose headers   connection: 'keep-alive',
495 verbose headers   'x-served-by': 'cache-den6022-DEN',
495 verbose headers   'x-cache': 'HIT',
495 verbose headers   'x-cache-hits': '1',
495 verbose headers   'x-timer': 'S1505410570.465983,VS0,VE0',
495 verbose headers   vary: 'Accept-Encoding, Accept' }
496 silly get cb [ 304,
496 silly get   { date: 'Thu, 14 Sep 2017 17:36:10 GMT',
496 silly get     via: '1.1 varnish',
496 silly get     'cache-control': 'max-age=300',
496 silly get     etag: 'W/"58eff535-55a5"',
496 silly get     age: '149',
496 silly get     connection: 'keep-alive',
496 silly get     'x-served-by': 'cache-den6022-DEN',
496 silly get     'x-cache': 'HIT',
496 silly get     'x-cache-hits': '1',
496 silly get     'x-timer': 'S1505410570.465983,VS0,VE0',
496 silly get     vary: 'Accept-Encoding, Accept' } ]
497 verbose etag https://registry.npmjs.org/bswap from cache
498 verbose get saving bswap to C:\Users\brett_000\AppData\Roaming\npm-cache\registry.npmjs.org\bswap\.cache.json
499 silly addNameRange number 2 { name: 'bswap', range: '*', hasData: true }
500 silly addNameRange versions [ 'bswap',
500 silly addNameRange   [ '1.0.0',
500 silly addNameRange     '1.1.0',
500 silly addNameRange     '1.1.1',
500 silly addNameRange     '1.1.2',
500 silly addNameRange     '1.1.3',
500 silly addNameRange     '1.1.4',
500 silly addNameRange     '1.1.5',
500 silly addNameRange     '1.1.6',
500 silly addNameRange     '1.2.0' ] ]
501 silly addNamed bswap@1.2.0
502 verbose addNamed "1.2.0" is a plain semver version for bswap
503 silly cache afterAdd bswap@1.2.0
504 verbose afterAdd C:\Users\brett_000\AppData\Roaming\npm-cache\bswap\1.2.0\package\package.json not in flight; writing
505 verbose afterAdd C:\Users\brett_000\AppData\Roaming\npm-cache\bswap\1.2.0\package\package.json written
506 silly install resolved [ { name: 'bswap',
506 silly install resolved     version: '1.2.0',
506 silly install resolved     description: 'fast byte swapping',
506 silly install resolved     main: 'bswap.js',
506 silly install resolved     scripts: { test: 'mocha test/*.js', install: 'node-gyp rebuild' },
506 silly install resolved     repository:
506 silly install resolved      { type: 'git',
506 silly install resolved        url: 'git+https://github.com/zbjornson/node-bswap.git' },
506 silly install resolved     keywords:
506 silly install resolved      [ 'byte',
506 silly install resolved        'swap',
506 silly install resolved        'bswap',
506 silly install resolved        'hton',
506 silly install resolved        'ntoh',
506 silly install resolved        'endian',
506 silly install resolved        'little endian',
506 silly install resolved        'big endian',
506 silly install resolved        'shuffle bytes' ],
506 silly install resolved     author: { name: 'Zach Bjornson', email: 'zbbjornson@gmail.com' },
506 silly install resolved     license: 'MIT',
506 silly install resolved     bugs: { url: 'https://github.com/zbjornson/node-bswap/issues' },
506 silly install resolved     homepage: 'https://github.com/zbjornson/node-bswap#readme',
506 silly install resolved     dependencies: { nan: '^2.4.0' },
506 silly install resolved     devDependencies: { chai: '^3.5.0', mocha: '^2.5.3' },
506 silly install resolved     browser: { './build/Release/bswap': false },
506 silly install resolved     gypfile: true,
506 silly install resolved     gitHead: '8c813223c3a0af5dbaa891b20500a5c516cb5f41',
506 silly install resolved     _id: 'bswap@1.2.0',
506 silly install resolved     _shasum: '82075529fe78cb27c41a678bdd2cffac4cb8608c',
506 silly install resolved     _from: 'bswap@*',
506 silly install resolved     _npmVersion: '3.10.5',
506 silly install resolved     _nodeVersion: '6.9.1',
506 silly install resolved     _npmUser: { name: 'zbjornson', email: 'zbbjornson@gmail.com' },
506 silly install resolved     dist:
506 silly install resolved      { shasum: '82075529fe78cb27c41a678bdd2cffac4cb8608c',
506 silly install resolved        tarball: 'https://registry.npmjs.org/bswap/-/bswap-1.2.0.tgz' },
506 silly install resolved     maintainers: [ [Object] ],
506 silly install resolved     _npmOperationalInternal:
506 silly install resolved      { host: 'packages-12-west.internal.npmjs.com',
506 silly install resolved        tmp: 'tmp/bswap-1.2.0.tgz_1492120885328_0.48355919145978987' },
506 silly install resolved     directories: {},
506 silly install resolved     _resolved: 'https://registry.npmjs.org/bswap/-/bswap-1.2.0.tgz',
506 silly install resolved     readme: 'ERROR: No README data found!' } ]
507 info install bswap@1.2.0 into C:\Users\brett_000\OneDrive\School\CS5200\CS5200
508 info installOne bswap@1.2.0
509 verbose installOne of bswap to C:\Users\brett_000\OneDrive\School\CS5200\CS5200 not in flight; installing
510 verbose lock using C:\Users\brett_000\AppData\Roaming\npm-cache\_locks\bswap-3ea040035abbf339.lock for C:\Users\brett_000\OneDrive\School\CS5200\CS5200\node_modules\bswap
511 silly install write writing bswap 1.2.0 to C:\Users\brett_000\OneDrive\School\CS5200\CS5200\node_modules\bswap
512 verbose unbuild node_modules\bswap
513 silly gentlyRm C:\Users\brett_000\OneDrive\School\CS5200\CS5200\node_modules\bswap is being purged from base C:\Users\brett_000\OneDrive\School\CS5200\CS5200
514 verbose gentlyRm don't care about contents; nuking C:\Users\brett_000\OneDrive\School\CS5200\CS5200\node_modules\bswap
515 verbose tar unpack C:\Users\brett_000\AppData\Roaming\npm-cache\bswap\1.2.0\package.tgz
516 verbose tar unpacking to C:\Users\brett_000\OneDrive\School\CS5200\CS5200\node_modules\bswap
517 silly gentlyRm C:\Users\brett_000\OneDrive\School\CS5200\CS5200\node_modules\bswap is being purged
518 verbose gentlyRm don't care about contents; nuking C:\Users\brett_000\OneDrive\School\CS5200\CS5200\node_modules\bswap
519 silly gunzTarPerm modes [ '777', '666' ]
520 silly gunzTarPerm extractEntry package.json
521 silly gunzTarPerm extractEntry .npmignore
522 silly gunzTarPerm extractEntry README.md
523 silly gunzTarPerm extractEntry LICENSE
524 silly gunzTarPerm extractEntry bswap.js
525 silly gunzTarPerm extractEntry binding.gyp
526 silly gunzTarPerm extractEntry .jscsrc
527 silly gunzTarPerm extractEntry appveyor.yml
528 silly gunzTarPerm extractEntry benchmark/package.json
529 silly gunzTarPerm extractEntry benchmark/benchmark-unaligned.js
530 silly gunzTarPerm extractEntry benchmark/benchmark.js
531 silly gunzTarPerm extractEntry index.d.ts
532 silly gunzTarPerm extractEntry test/test.js
533 silly gunzTarPerm extractEntry .editorconfig
534 silly gunzTarPerm extractEntry src/bswap.cc
535 silly gunzTarPerm extractEntry util/cpuinfo.exe
536 verbose write writing to C:\Users\brett_000\OneDrive\School\CS5200\CS5200\node_modules\bswap\package.json
537 info preinstall bswap@1.2.0
538 verbose readDependencies loading dependencies from C:\Users\brett_000\OneDrive\School\CS5200\CS5200\node_modules\bswap\package.json
539 silly prepareForInstallMany adding nan@^2.4.0 from bswap dependencies
540 verbose readDependencies loading dependencies from C:\Users\brett_000\OneDrive\School\CS5200\CS5200\node_modules\bswap\package.json
541 silly cache add args [ 'nan@^2.4.0', null ]
542 verbose cache add spec nan@^2.4.0
543 silly cache add parsed spec Result {
543 silly cache add   raw: 'nan@^2.4.0',
543 silly cache add   scope: null,
543 silly cache add   name: 'nan',
543 silly cache add   rawSpec: '^2.4.0',
543 silly cache add   spec: '>=2.4.0 <3.0.0',
543 silly cache add   type: 'range' }
544 silly addNamed nan@>=2.4.0 <3.0.0
545 verbose addNamed ">=2.4.0 <3.0.0" is a valid semver range for nan
546 silly addNameRange { name: 'nan', range: '>=2.4.0 <3.0.0', hasData: false }
547 silly mapToRegistry name nan
548 silly mapToRegistry using default registry
549 silly mapToRegistry registry https://registry.npmjs.org/
550 silly mapToRegistry uri https://registry.npmjs.org/nan
551 verbose addNameRange registry:https://registry.npmjs.org/nan not in flight; fetching
552 verbose request uri https://registry.npmjs.org/nan
553 verbose request no auth needed
554 info attempt registry request try #1 at 11:35:57 AM
555 verbose etag W/"59a60a0b-20228"
556 verbose lastModified Wed, 30 Aug 2017 00:42:51 GMT
557 http request GET https://registry.npmjs.org/nan
558 http 304 https://registry.npmjs.org/nan
559 verbose headers { date: 'Thu, 14 Sep 2017 17:36:10 GMT',
559 verbose headers   via: '1.1 varnish',
559 verbose headers   'cache-control': 'max-age=300',
559 verbose headers   etag: 'W/"59a60a0b-20228"',
559 verbose headers   age: '16',
559 verbose headers   connection: 'keep-alive',
559 verbose headers   'x-served-by': 'cache-den6022-DEN',
559 verbose headers   'x-cache': 'HIT',
559 verbose headers   'x-cache-hits': '1',
559 verbose headers   'x-timer': 'S1505410571.892935,VS0,VE1',
559 verbose headers   vary: 'Accept-Encoding, Accept' }
560 silly get cb [ 304,
560 silly get   { date: 'Thu, 14 Sep 2017 17:36:10 GMT',
560 silly get     via: '1.1 varnish',
560 silly get     'cache-control': 'max-age=300',
560 silly get     etag: 'W/"59a60a0b-20228"',
560 silly get     age: '16',
560 silly get     connection: 'keep-alive',
560 silly get     'x-served-by': 'cache-den6022-DEN',
560 silly get     'x-cache': 'HIT',
560 silly get     'x-cache-hits': '1',
560 silly get     'x-timer': 'S1505410571.892935,VS0,VE1',
560 silly get     vary: 'Accept-Encoding, Accept' } ]
561 verbose etag https://registry.npmjs.org/nan from cache
562 verbose get saving nan to C:\Users\brett_000\AppData\Roaming\npm-cache\registry.npmjs.org\nan\.cache.json
563 silly addNameRange number 2 { name: 'nan', range: '>=2.4.0 <3.0.0', hasData: true }
564 silly addNameRange versions [ 'nan',
564 silly addNameRange   [ '0.3.0-wip',
564 silly addNameRange     '0.3.0-wip2',
564 silly addNameRange     '0.3.0',
564 silly addNameRange     '0.3.1',
564 silly addNameRange     '0.3.2',
564 silly addNameRange     '0.4.0',
564 silly addNameRange     '0.4.1',
564 silly addNameRange     '0.4.2',
564 silly addNameRange     '0.4.3',
564 silly addNameRange     '0.4.4',
564 silly addNameRange     '0.5.0',
564 silly addNameRange     '0.5.1',
564 silly addNameRange     '0.5.2',
564 silly addNameRange     '0.6.0',
564 silly addNameRange     '0.7.0',
564 silly addNameRange     '0.7.1',
564 silly addNameRange     '0.8.0',
564 silly addNameRange     '1.0.0',
564 silly addNameRange     '1.1.0',
564 silly addNameRange     '1.1.1',
564 silly addNameRange     '1.1.2',
564 silly addNameRange     '1.2.0',
564 silly addNameRange     '1.3.0',
564 silly addNameRange     '1.4.0',
564 silly addNameRange     '1.4.1',
564 silly addNameRange     '1.5.0',
564 silly addNameRange     '1.4.2',
564 silly addNameRange     '1.4.3',
564 silly addNameRange     '1.5.1',
564 silly addNameRange     '1.5.2',
564 silly addNameRange     '1.6.0',
564 silly addNameRange     '1.5.3',
564 silly addNameRange     '1.6.1',
564 silly addNameRange     '1.6.2',
564 silly addNameRange     '1.7.0',
564 silly addNameRange     '1.8.0',
564 silly addNameRange     '1.8.1',
564 silly addNameRange     '1.8.2',
564 silly addNameRange     '1.8.3',
564 silly addNameRange     '1.8.4',
564 silly addNameRange     '1.9.0',
564 silly addNameRange     '2.0.0',
564 silly addNameRange     '2.0.1',
564 silly addNameRange     '2.0.2',
564 silly addNameRange     '2.0.3',
564 silly addNameRange     '2.0.4',
564 silly addNameRange     '2.0.5',
564 silly addNameRange     '2.0.6',
564 silly addNameRange     '2.0.7',
564 silly addNameRange     '2.0.8',
564 silly addNameRange     '2.0.9',
564 silly addNameRange     '2.1.0',
564 silly addNameRange     '2.2.0',
564 silly addNameRange     '2.2.1',
564 silly addNameRange     '2.3.0',
564 silly addNameRange     '2.3.1',
564 silly addNameRange     '2.3.2',
564 silly addNameRange     '2.3.3',
564 silly addNameRange     '2.3.4',
564 silly addNameRange     '2.3.5',
564 silly addNameRange     '2.4.0',
564 silly addNameRange     '2.5.0',
564 silly addNameRange     '2.5.1',
564 silly addNameRange     '2.6.0',
564 silly addNameRange     '2.6.1',
564 silly addNameRange     '2.6.2',
564 silly addNameRange     '2.7.0' ] ]
565 silly addNamed nan@2.7.0
566 verbose addNamed "2.7.0" is a plain semver version for nan
567 silly cache afterAdd nan@2.7.0
568 verbose afterAdd C:\Users\brett_000\AppData\Roaming\npm-cache\nan\2.7.0\package\package.json not in flight; writing
569 verbose afterAdd C:\Users\brett_000\AppData\Roaming\npm-cache\nan\2.7.0\package\package.json written
570 silly install resolved [ { name: 'nan',
570 silly install resolved     version: '2.7.0',
570 silly install resolved     description: 'Native Abstractions for Node.js: C++ header for Node 0.8 -> 8 compatibility',
570 silly install resolved     main: 'include_dirs.js',
570 silly install resolved     repository: { type: 'git', url: 'git://github.com/nodejs/nan.git' },
570 silly install resolved     scripts:
570 silly install resolved      { test: 'tap --gc --stderr test/js/*-test.js',
570 silly install resolved        'rebuild-tests': 'node-gyp rebuild --msvs_version=2013 --directory test',
570 silly install resolved        docs: 'doc/.build.sh' },
570 silly install resolved     contributors:
570 silly install resolved      [ [Object],
570 silly install resolved        [Object],
570 silly install resolved        [Object],
570 silly install resolved        [Object],
570 silly install resolved        [Object],
570 silly install resolved        [Object],
570 silly install resolved        [Object],
570 silly install resolved        [Object] ],
570 silly install resolved     devDependencies:
570 silly install resolved      { bindings: '~1.2.1',
570 silly install resolved        commander: '^2.8.1',
570 silly install resolved        glob: '^5.0.14',
570 silly install resolved        'node-gyp': '~3.0.1',
570 silly install resolved        'readable-stream': '^2.1.4',
570 silly install resolved        tap: '~0.7.1',
570 silly install resolved        xtend: '~4.0.0' },
570 silly install resolved     license: 'MIT',
570 silly install resolved     bugs: { url: 'https://github.com/nodejs/nan/issues' },
570 silly install resolved     homepage: 'https://github.com/nodejs/nan#readme',
570 silly install resolved     _id: 'nan@2.7.0',
570 silly install resolved     _shasum: 'd95bf721ec877e08db276ed3fc6eb78f9083ad46',
570 silly install resolved     _resolved: 'https://registry.npmjs.org/nan/-/nan-2.7.0.tgz',
570 silly install resolved     _from: 'nan@>=2.4.0 <3.0.0',
570 silly install resolved     _npmVersion: '3.10.10',
570 silly install resolved     _nodeVersion: '6.11.0',
570 silly install resolved     _npmUser: { name: 'kkoopa', email: 'bbyholm@abo.fi' },
570 silly install resolved     dist:
570 silly install resolved      { shasum: 'd95bf721ec877e08db276ed3fc6eb78f9083ad46',
570 silly install resolved        tarball: 'https://registry.npmjs.org/nan/-/nan-2.7.0.tgz' },
570 silly install resolved     maintainers: [ [Object], [Object] ],
570 silly install resolved     _npmOperationalInternal:
570 silly install resolved      { host: 's3://npm-registry-packages',
570 silly install resolved        tmp: 'tmp/nan-2.7.0.tgz_1504053769999_0.18853025324642658' },
570 silly install resolved     directories: {},
570 silly install resolved     readme: 'ERROR: No README data found!' } ]
571 info install nan@2.7.0 into C:\Users\brett_000\OneDrive\School\CS5200\CS5200\node_modules\bswap
572 info installOne nan@2.7.0
573 verbose installOne of nan to C:\Users\brett_000\OneDrive\School\CS5200\CS5200\node_modules\bswap not in flight; installing
574 verbose lock using C:\Users\brett_000\AppData\Roaming\npm-cache\_locks\nan-5922423f11bf95e0.lock for C:\Users\brett_000\OneDrive\School\CS5200\CS5200\node_modules\bswap\node_modules\nan
575 silly install write writing nan 2.7.0 to C:\Users\brett_000\OneDrive\School\CS5200\CS5200\node_modules\bswap\node_modules\nan
576 verbose unbuild node_modules\bswap\node_modules\nan
577 silly gentlyRm C:\Users\brett_000\OneDrive\School\CS5200\CS5200\node_modules\bswap\node_modules\nan is being purged from base C:\Users\brett_000\OneDrive\School\CS5200\CS5200
578 verbose gentlyRm don't care about contents; nuking C:\Users\brett_000\OneDrive\School\CS5200\CS5200\node_modules\bswap\node_modules\nan
579 verbose tar unpack C:\Users\brett_000\AppData\Roaming\npm-cache\nan\2.7.0\package.tgz
580 verbose tar unpacking to C:\Users\brett_000\OneDrive\School\CS5200\CS5200\node_modules\bswap\node_modules\nan
581 silly gentlyRm C:\Users\brett_000\OneDrive\School\CS5200\CS5200\node_modules\bswap\node_modules\nan is being purged
582 verbose gentlyRm don't care about contents; nuking C:\Users\brett_000\OneDrive\School\CS5200\CS5200\node_modules\bswap\node_modules\nan
583 silly gunzTarPerm modes [ '777', '666' ]
584 silly gunzTarPerm extractEntry package.json
585 silly gunzTarPerm modified mode [ 'package.json', 436, 438 ]
586 silly gunzTarPerm extractEntry README.md
587 silly gunzTarPerm modified mode [ 'README.md', 436, 438 ]
588 silly gunzTarPerm extractEntry include_dirs.js
589 silly gunzTarPerm modified mode [ 'include_dirs.js', 436, 438 ]
590 silly gunzTarPerm extractEntry nan_converters_43_inl.h
591 silly gunzTarPerm modified mode [ 'nan_converters_43_inl.h', 436, 438 ]
592 silly gunzTarPerm extractEntry LICENSE.md
593 silly gunzTarPerm modified mode [ 'LICENSE.md', 436, 438 ]
594 silly gunzTarPerm extractEntry doc/new.md
595 silly gunzTarPerm modified mode [ 'doc/new.md', 436, 438 ]
596 silly gunzTarPerm extractEntry doc/asyncworker.md
597 silly gunzTarPerm modified mode [ 'doc/asyncworker.md', 436, 438 ]
598 silly gunzTarPerm extractEntry doc/callback.md
599 silly gunzTarPerm modified mode [ 'doc/callback.md', 436, 438 ]
600 silly gunzTarPerm extractEntry doc/converters.md
601 silly gunzTarPerm modified mode [ 'doc/converters.md', 436, 438 ]
602 silly gunzTarPerm extractEntry doc/errors.md
603 silly gunzTarPerm modified mode [ 'doc/errors.md', 436, 438 ]
604 silly gunzTarPerm extractEntry doc/json.md
605 silly gunzTarPerm modified mode [ 'doc/json.md', 436, 438 ]
606 silly gunzTarPerm extractEntry doc/maybe_types.md
607 silly gunzTarPerm modified mode [ 'doc/maybe_types.md', 436, 438 ]
608 silly gunzTarPerm extractEntry doc/methods.md
609 silly gunzTarPerm modified mode [ 'doc/methods.md', 436, 438 ]
610 silly gunzTarPerm extractEntry doc/buffers.md
611 silly gunzTarPerm modified mode [ 'doc/buffers.md', 436, 438 ]
612 silly gunzTarPerm extractEntry doc/node_misc.md
613 silly gunzTarPerm modified mode [ 'doc/node_misc.md', 436, 438 ]
614 silly gunzTarPerm extractEntry doc/object_wrappers.md
615 silly gunzTarPerm modified mode [ 'doc/object_wrappers.md', 436, 438 ]
616 silly gunzTarPerm extractEntry doc/persistent.md
617 silly gunzTarPerm modified mode [ 'doc/persistent.md', 436, 438 ]
618 silly gunzTarPerm extractEntry doc/scopes.md
619 silly gunzTarPerm modified mode [ 'doc/scopes.md', 436, 438 ]
620 silly gunzTarPerm extractEntry doc/script.md
621 silly gunzTarPerm modified mode [ 'doc/script.md', 436, 438 ]
622 silly gunzTarPerm extractEntry doc/string_bytes.md
623 silly gunzTarPerm modified mode [ 'doc/string_bytes.md', 436, 438 ]
624 silly gunzTarPerm extractEntry doc/v8_internals.md
625 silly gunzTarPerm modified mode [ 'doc/v8_internals.md', 436, 438 ]
626 silly gunzTarPerm extractEntry doc/v8_misc.md
627 silly gunzTarPerm modified mode [ 'doc/v8_misc.md', 436, 438 ]
628 silly gunzTarPerm extractEntry nan.h
629 silly gunzTarPerm modified mode [ 'nan.h', 436, 438 ]
630 silly gunzTarPerm extractEntry nan_callbacks.h
631 silly gunzTarPerm modified mode [ 'nan_callbacks.h', 436, 438 ]
632 silly gunzTarPerm extractEntry nan_callbacks_12_inl.h
633 silly gunzTarPerm modified mode [ 'nan_callbacks_12_inl.h', 436, 438 ]
634 silly gunzTarPerm extractEntry nan_callbacks_pre_12_inl.h
635 silly gunzTarPerm modified mode [ 'nan_callbacks_pre_12_inl.h', 436, 438 ]
636 silly gunzTarPerm extractEntry nan_converters.h
637 silly gunzTarPerm modified mode [ 'nan_converters.h', 436, 438 ]
638 silly gunzTarPerm extractEntry nan_converters_pre_43_inl.h
639 silly gunzTarPerm modified mode [ 'nan_converters_pre_43_inl.h', 436, 438 ]
640 silly gunzTarPerm extractEntry nan_implementation_12_inl.h
641 silly gunzTarPerm modified mode [ 'nan_implementation_12_inl.h', 436, 438 ]
642 silly gunzTarPerm extractEntry nan_implementation_pre_12_inl.h
643 silly gunzTarPerm modified mode [ 'nan_implementation_pre_12_inl.h', 436, 438 ]
644 silly gunzTarPerm extractEntry nan_json.h
645 silly gunzTarPerm modified mode [ 'nan_json.h', 436, 438 ]
646 silly gunzTarPerm extractEntry nan_maybe_43_inl.h
647 silly gunzTarPerm modified mode [ 'nan_maybe_43_inl.h', 436, 438 ]
648 silly gunzTarPerm extractEntry nan_maybe_pre_43_inl.h
649 silly gunzTarPerm modified mode [ 'nan_maybe_pre_43_inl.h', 436, 438 ]
650 silly gunzTarPerm extractEntry nan_new.h
651 silly gunzTarPerm modified mode [ 'nan_new.h', 436, 438 ]
652 silly gunzTarPerm extractEntry nan_object_wrap.h
653 silly gunzTarPerm modified mode [ 'nan_object_wrap.h', 436, 438 ]
654 silly gunzTarPerm extractEntry nan_persistent_12_inl.h
655 silly gunzTarPerm modified mode [ 'nan_persistent_12_inl.h', 436, 438 ]
656 silly gunzTarPerm extractEntry nan_persistent_pre_12_inl.h
657 silly gunzTarPerm modified mode [ 'nan_persistent_pre_12_inl.h', 436, 438 ]
658 silly gunzTarPerm extractEntry nan_private.h
659 silly gunzTarPerm modified mode [ 'nan_private.h', 436, 438 ]
660 silly gunzTarPerm extractEntry nan_string_bytes.h
661 silly gunzTarPerm modified mode [ 'nan_string_bytes.h', 436, 438 ]
662 silly gunzTarPerm extractEntry nan_typedarray_contents.h
663 silly gunzTarPerm modified mode [ 'nan_typedarray_contents.h', 436, 438 ]
664 silly gunzTarPerm extractEntry nan_weak.h
665 silly gunzTarPerm modified mode [ 'nan_weak.h', 436, 438 ]
666 silly gunzTarPerm extractEntry CHANGELOG.md
667 silly gunzTarPerm modified mode [ 'CHANGELOG.md', 436, 438 ]
668 silly gunzTarPerm extractEntry tools/package.json
669 silly gunzTarPerm modified mode [ 'tools/package.json', 436, 438 ]
670 silly gunzTarPerm extractEntry tools/README.md
671 silly gunzTarPerm modified mode [ 'tools/README.md', 436, 438 ]
672 silly gunzTarPerm extractEntry tools/1to2.js
673 silly gunzTarPerm modified mode [ 'tools/1to2.js', 509, 511 ]
674 verbose write writing to C:\Users\brett_000\OneDrive\School\CS5200\CS5200\node_modules\bswap\node_modules\nan\package.json
675 info preinstall nan@2.7.0
676 verbose readDependencies loading dependencies from C:\Users\brett_000\OneDrive\School\CS5200\CS5200\node_modules\bswap\node_modules\nan\package.json
677 verbose readDependencies loading dependencies from C:\Users\brett_000\OneDrive\School\CS5200\CS5200\node_modules\bswap\node_modules\nan\package.json
678 silly install resolved []
679 verbose about to build C:\Users\brett_000\OneDrive\School\CS5200\CS5200\node_modules\bswap\node_modules\nan
680 info build C:\Users\brett_000\OneDrive\School\CS5200\CS5200\node_modules\bswap\node_modules\nan
681 info linkStuff nan@2.7.0
682 silly linkStuff nan@2.7.0 has C:\Users\brett_000\OneDrive\School\CS5200\CS5200\node_modules\bswap\node_modules as its parent node_modules
683 verbose linkBins nan@2.7.0
684 verbose linkMans nan@2.7.0
685 verbose rebuildBundles nan@2.7.0
686 info install nan@2.7.0
687 info postinstall nan@2.7.0
688 verbose unlock done using C:\Users\brett_000\AppData\Roaming\npm-cache\_locks\nan-5922423f11bf95e0.lock for C:\Users\brett_000\OneDrive\School\CS5200\CS5200\node_modules\bswap\node_modules\nan
689 verbose about to build C:\Users\brett_000\OneDrive\School\CS5200\CS5200\node_modules\bswap
690 info build C:\Users\brett_000\OneDrive\School\CS5200\CS5200\node_modules\bswap
691 info linkStuff bswap@1.2.0
692 silly linkStuff bswap@1.2.0 has C:\Users\brett_000\OneDrive\School\CS5200\CS5200\node_modules as its parent node_modules
693 verbose linkBins bswap@1.2.0
694 verbose linkMans bswap@1.2.0
695 verbose rebuildBundles bswap@1.2.0
696 verbose rebuildBundles [ 'nan' ]
697 info install bswap@1.2.0
698 verbose unsafe-perm in lifecycle true
699 info bswap@1.2.0 Failed to exec install script
700 verbose unlock done using C:\Users\brett_000\AppData\Roaming\npm-cache\_locks\bswap-3ea040035abbf339.lock for C:\Users\brett_000\OneDrive\School\CS5200\CS5200\node_modules\bswap
701 verbose stack Error: bswap@1.2.0 install: `node-gyp rebuild`
701 verbose stack Exit status 1
701 verbose stack     at EventEmitter.<anonymous> (C:\Program Files\nodejs\node_modules\npm\lib\utils\lifecycle.js:214:16)
701 verbose stack     at emitTwo (events.js:87:13)
701 verbose stack     at EventEmitter.emit (events.js:172:7)
701 verbose stack     at ChildProcess.<anonymous> (C:\Program Files\nodejs\node_modules\npm\lib\utils\spawn.js:24:14)
701 verbose stack     at emitTwo (events.js:87:13)
701 verbose stack     at ChildProcess.emit (events.js:172:7)
701 verbose stack     at maybeClose (internal/child_process.js:818:16)
701 verbose stack     at Process.ChildProcess._handle.onexit (internal/child_process.js:211:5)
702 verbose pkgid bswap@1.2.0
703 verbose cwd C:\Users\brett_000\OneDrive\School\CS5200\CS5200
704 error Windows_NT 10.0.14393
705 error argv "C:\\Program Files\\nodejs\\node.exe" "C:\\Program Files\\nodejs\\node_modules\\npm\\bin\\npm-cli.js" "install" "--save" "bswap"
706 error node v4.2.2
707 error npm  v2.14.7
708 error code ELIFECYCLE
709 error bswap@1.2.0 install: `node-gyp rebuild`
709 error Exit status 1
710 error Failed at the bswap@1.2.0 install script 'node-gyp rebuild'.
710 error This is most likely a problem with the bswap package,
710 error not with npm itself.
710 error Tell the author that this fails on your system:
710 error     node-gyp rebuild
710 error You can get their info via:
710 error     npm owner ls bswap
710 error There is likely additional logging output above.
711 verbose exit [ 1, true ]
712 verbose unbuild node_modules\bswap
713 info preuninstall bswap@1.2.0
714 info uninstall bswap@1.2.0
715 verbose unbuild rmStuff bswap@1.2.0 from C:\Users\brett_000\OneDrive\School\CS5200\CS5200\node_modules
716 info postuninstall bswap@1.2.0
717 silly gentlyRm C:\Users\brett_000\OneDrive\School\CS5200\CS5200\node_modules\bswap is being purged from base C:\Users\brett_000\OneDrive\School\CS5200\CS5200
718 verbose gentlyRm don't care about contents; nuking C:\Users\brett_000\OneDrive\School\CS5200\CS5200\node_modules\bswap
719 silly vacuum-fs purging C:\Users\brett_000\OneDrive\School\CS5200\CS5200\node_modules\bswap
720 silly vacuum-fs quitting because other entries in C:\Users\brett_000\OneDrive\School\CS5200\CS5200\node_modules
